\BOOKMARK [1][-]{section*.1}{ABSTRACT}{section*.2}% 1
\BOOKMARK [1][-]{section.1}{Introduction}{}% 2
\BOOKMARK [1][-]{section.2}{Observations and data reduction}{}% 3
\BOOKMARK [2][-]{subsection.2.1}{Sample selection}{section.2}% 4
\BOOKMARK [2][-]{subsection.2.2}{Observation and reduction}{section.2}% 5
\BOOKMARK [3][-]{subsubsection.2.2.1}{HST image Observation}{subsection.2.2}% 6
\BOOKMARK [3][-]{subsubsection.2.2.2}{AGN Emission Line}{subsection.2.2}% 7
\BOOKMARK [1][-]{section.3}{Analysis}{}% 8
\BOOKMARK [2][-]{subsection.3.1}{Surface Photometry}{section.3}% 9
\BOOKMARK [3][-]{subsubsection.3.1.1}{PSF library}{subsection.3.1}% 10
\BOOKMARK [3][-]{subsubsection.3.1.2}{Surface Photometry modeling method}{subsection.3.1}% 11
\BOOKMARK [3][-]{subsubsection.3.1.3}{Host luminosity}{subsection.3.1}% 12
\BOOKMARK [2][-]{subsection.3.2}{BH masses}{section.3}% 13
\BOOKMARK [1][-]{section.4}{Results}{}% 14
\BOOKMARK [2][-]{subsection.4.1}{MBH-Lhost relation}{section.4}% 15
\BOOKMARK [2][-]{subsection.4.2}{MBH-M* relation}{section.4}% 16
\BOOKMARK [3][-]{subsubsection.4.2.1}{Stellar mass estimates}{subsection.4.2}% 17
\BOOKMARK [1][-]{section.5}{Summary}{}% 18
\BOOKMARK [1][-]{section.6}{discuss}{}% 19
\BOOKMARK [2][-]{subsection.6.1}{Systematic error}{section.6}% 20
\BOOKMARK [2][-]{subsection.6.2}{Fitting mask for CID206 and ECDFS-358}{section.6}% 21
